
[Sun Sep 09 2018 20:35:24 GMT-0400 (EDT)] INFO req.params.பணி: isValidUser req.params.தொகுதி userDetails
[Sun Sep 09 2018 20:35:24 GMT-0400 (EDT)] INFO calling மையசெயல்பாடுகளைசேர்
[Sun Sep 09 2018 20:35:24 GMT-0400 (EDT)] DEBUG 
[Sun Sep 09 2018 20:35:24 GMT-0400 (EDT)] INFO calling InvokeDB for சேவைDetails
[Sun Sep 09 2018 20:40:37 GMT-0400 (EDT)] DEBUG a debug message
[Sun Sep 09 2018 20:40:37 GMT-0400 (EDT)] INFO localhost இணையத்தளம் 3000 என்ற இணையமுகத்தில் கவனிக்க தொடக்கிவிட்டது
[Sun Sep 09 2018 20:41:00 GMT-0400 (EDT)] INFO req.params.பணி: isValidUser req.params.தொகுதி userDetails
[Sun Sep 09 2018 20:41:00 GMT-0400 (EDT)] INFO calling மையசெயல்பாடுகளைசேர்
[Sun Sep 09 2018 20:41:00 GMT-0400 (EDT)] DEBUG 
[Sun Sep 09 2018 20:41:00 GMT-0400 (EDT)] INFO calling InvokeDB for சேவைDetails
[Sun Sep 09 2018 20:42:44 GMT-0400 (EDT)] DEBUG a debug message
[Sun Sep 09 2018 20:42:44 GMT-0400 (EDT)] INFO localhost இணையத்தளம் 3000 என்ற இணையமுகத்தில் கவனிக்க தொடக்கிவிட்டது
[Sun Sep 09 2018 20:42:49 GMT-0400 (EDT)] INFO req.params.பணி: isValidUser req.params.தொகுதி userDetails
[Sun Sep 09 2018 20:42:49 GMT-0400 (EDT)] INFO calling மையசெயல்பாடுகளைசேர்
[Sun Sep 09 2018 20:42:49 GMT-0400 (EDT)] DEBUG 
[Sun Sep 09 2018 20:42:49 GMT-0400 (EDT)] INFO calling InvokeDB for சேவைDetails
[Sun Sep 09 2018 20:43:10 GMT-0400 (EDT)] DEBUG a debug message
[Sun Sep 09 2018 20:43:10 GMT-0400 (EDT)] INFO localhost இணையத்தளம் 3000 என்ற இணையமுகத்தில் கவனிக்க தொடக்கிவிட்டது
[Sun Sep 09 2018 20:43:16 GMT-0400 (EDT)] INFO req.params.பணி: isValidUser req.params.தொகுதி userDetails
[Sun Sep 09 2018 20:43:16 GMT-0400 (EDT)] INFO calling மையசெயல்பாடுகளைசேர்
[Sun Sep 09 2018 20:43:16 GMT-0400 (EDT)] DEBUG 
[Sun Sep 09 2018 20:43:16 GMT-0400 (EDT)] INFO calling InvokeDB for சேவைDetails
[Sun Sep 09 2018 20:44:32 GMT-0400 (EDT)] DEBUG a debug message
[Sun Sep 09 2018 20:44:32 GMT-0400 (EDT)] INFO localhost இணையத்தளம் 3000 என்ற இணையமுகத்தில் கவனிக்க தொடக்கிவிட்டது
[Sun Sep 09 2018 20:44:37 GMT-0400 (EDT)] INFO req.params.பணி: isValidUser req.params.தொகுதி userDetails
[Sun Sep 09 2018 20:44:37 GMT-0400 (EDT)] INFO calling மையசெயல்பாடுகளைசேர்
[Sun Sep 09 2018 20:44:37 GMT-0400 (EDT)] DEBUG 
[Sun Sep 09 2018 20:44:37 GMT-0400 (EDT)] INFO calling InvokeDB for ServiceDetails
[Sun Sep 09 2018 20:44:37 GMT-0400 (EDT)] ERROR  Request has bad format: Error: Unkown Key: ServiceDetails is not defined on Schema Keys ["serviceDetails"]
    at /Users/durai/node/gpasso/uss/heaeriesjson.js:156:12
    at Array.forEach (<anonymous>)
    at hasValidKeys (/Users/durai/node/gpasso/uss/heaeriesjson.js:154:10)
    at Object.valWithSch (/Users/durai/node/gpasso/uss/heaeriesjson.js:185:15)
    at Object.InvokeDB (/Users/durai/node/gpasso/idb/InvokeDB.js:16:25)
    at /Users/durai/node/gpasso/சேவையாகம்.js:93:13
    at addCoreFunction (/Users/durai/node/gpasso/சேவையாகம்.js:61:5)
    at சேவைக்கையாளி (/Users/durai/node/gpasso/சேவையாகம்.js:68:5)
    at Layer.handle [as handle_request] (/Users/durai/node/node_modules/express/lib/router/layer.js:95:5)
    at next (/Users/durai/node/node_modules/express/lib/router/route.js:137:13)
[Sun Sep 09 2018 20:45:00 GMT-0400 (EDT)] INFO req.params.பணி: isValidUser req.params.தொகுதி userDetails
[Sun Sep 09 2018 20:45:00 GMT-0400 (EDT)] INFO calling மையசெயல்பாடுகளைசேர்
[Sun Sep 09 2018 20:45:00 GMT-0400 (EDT)] DEBUG 
[Sun Sep 09 2018 20:45:00 GMT-0400 (EDT)] INFO calling InvokeDB for ServiceDetails
[Sun Sep 09 2018 20:45:00 GMT-0400 (EDT)] ERROR  Request has bad format: Error: Unkown Key: ServiceDetails is not defined on Schema Keys ["serviceDetails"]
    at /Users/durai/node/gpasso/uss/heaeriesjson.js:156:12
    at Array.forEach (<anonymous>)
    at hasValidKeys (/Users/durai/node/gpasso/uss/heaeriesjson.js:154:10)
    at Object.valWithSch (/Users/durai/node/gpasso/uss/heaeriesjson.js:185:15)
    at Object.InvokeDB (/Users/durai/node/gpasso/idb/InvokeDB.js:16:25)
    at /Users/durai/node/gpasso/சேவையாகம்.js:93:13
    at addCoreFunction (/Users/durai/node/gpasso/சேவையாகம்.js:61:5)
    at சேவைக்கையாளி (/Users/durai/node/gpasso/சேவையாகம்.js:68:5)
    at Layer.handle [as handle_request] (/Users/durai/node/node_modules/express/lib/router/layer.js:95:5)
    at next (/Users/durai/node/node_modules/express/lib/router/route.js:137:13)
[Sun Sep 09 2018 20:46:20 GMT-0400 (EDT)] DEBUG a debug message
[Sun Sep 09 2018 20:46:20 GMT-0400 (EDT)] INFO localhost இணையத்தளம் 3000 என்ற இணையமுகத்தில் கவனிக்க தொடக்கிவிட்டது
[Sun Sep 09 2018 20:46:27 GMT-0400 (EDT)] INFO req.params.பணி: isValidUser req.params.தொகுதி userDetails
[Sun Sep 09 2018 20:46:27 GMT-0400 (EDT)] INFO calling மையசெயல்பாடுகளைசேர்
[Sun Sep 09 2018 20:46:27 GMT-0400 (EDT)] DEBUG 
[Sun Sep 09 2018 20:46:27 GMT-0400 (EDT)] INFO calling InvokeDB for ServiceDetails
[Sun Sep 09 2018 20:48:35 GMT-0400 (EDT)] DEBUG a debug message
[Sun Sep 09 2018 20:48:35 GMT-0400 (EDT)] INFO localhost இணையத்தளம் 3000 என்ற இணையமுகத்தில் கவனிக்க தொடக்கிவிட்டது
[Sun Sep 09 2018 20:48:56 GMT-0400 (EDT)] DEBUG a debug message
[Sun Sep 09 2018 20:48:56 GMT-0400 (EDT)] INFO localhost இணையத்தளம் 3000 என்ற இணையமுகத்தில் கவனிக்க தொடக்கிவிட்டது
[Sun Sep 09 2018 20:48:58 GMT-0400 (EDT)] INFO req.params.பணி: isValidUser req.params.தொகுதி userDetails
[Sun Sep 09 2018 20:48:58 GMT-0400 (EDT)] INFO calling மையசெயல்பாடுகளைசேர்
[Sun Sep 09 2018 20:48:58 GMT-0400 (EDT)] DEBUG 
[Sun Sep 09 2018 20:48:58 GMT-0400 (EDT)] INFO calling InvokeDB for ServiceDetails
[Sun Sep 09 2018 21:01:09 GMT-0400 (EDT)] DEBUG a debug message
[Sun Sep 09 2018 21:01:09 GMT-0400 (EDT)] INFO localhost இணையத்தளம் 3000 என்ற இணையமுகத்தில் கவனிக்க தொடக்கிவிட்டது
[Sun Sep 09 2018 21:01:31 GMT-0400 (EDT)] DEBUG a debug message
[Sun Sep 09 2018 21:01:31 GMT-0400 (EDT)] INFO localhost இணையத்தளம் 3000 என்ற இணையமுகத்தில் கவனிக்க தொடக்கிவிட்டது
[Sun Sep 09 2018 21:01:41 GMT-0400 (EDT)] INFO req.params.பணி: isValidUser req.params.தொகுதி userDetails
[Sun Sep 09 2018 21:01:41 GMT-0400 (EDT)] INFO calling மையசெயல்பாடுகளைசேர்
[Sun Sep 09 2018 21:01:41 GMT-0400 (EDT)] DEBUG 
[Sun Sep 09 2018 21:01:41 GMT-0400 (EDT)] INFO calling InvokeDB for ServiceDetails
[Sun Sep 09 2018 21:03:01 GMT-0400 (EDT)] DEBUG a debug message
[Sun Sep 09 2018 21:03:01 GMT-0400 (EDT)] INFO localhost இணையத்தளம் 3000 என்ற இணையமுகத்தில் கவனிக்க தொடக்கிவிட்டது
[Sun Sep 09 2018 21:03:10 GMT-0400 (EDT)] INFO req.params.பணி: isValidUser req.params.தொகுதி userDetails
[Sun Sep 09 2018 21:03:10 GMT-0400 (EDT)] INFO calling மையசெயல்பாடுகளைசேர்
[Sun Sep 09 2018 21:03:10 GMT-0400 (EDT)] DEBUG 
[Sun Sep 09 2018 21:03:10 GMT-0400 (EDT)] INFO calling InvokeDB for ServiceDetails
[Sun Sep 09 2018 21:08:43 GMT-0400 (EDT)] DEBUG a debug message
[Sun Sep 09 2018 21:08:43 GMT-0400 (EDT)] INFO localhost இணையத்தளம் 3000 என்ற இணையமுகத்தில் கவனிக்க தொடக்கிவிட்டது
[Sun Sep 09 2018 21:08:47 GMT-0400 (EDT)] INFO req.params.பணி: isValidUser req.params.தொகுதி userDetails
[Sun Sep 09 2018 21:08:47 GMT-0400 (EDT)] INFO calling மையசெயல்பாடுகளைசேர்
[Sun Sep 09 2018 21:08:47 GMT-0400 (EDT)] DEBUG 
[Sun Sep 09 2018 21:08:47 GMT-0400 (EDT)] INFO calling InvokeDB for ServiceDetails
[Sun Sep 09 2018 21:12:04 GMT-0400 (EDT)] DEBUG a debug message
[Sun Sep 09 2018 21:12:04 GMT-0400 (EDT)] INFO localhost இணையத்தளம் 3000 என்ற இணையமுகத்தில் கவனிக்க தொடக்கிவிட்டது
[Sun Sep 09 2018 21:12:27 GMT-0400 (EDT)] INFO req.params.பணி: isValidUser req.params.தொகுதி userDetails
[Sun Sep 09 2018 21:12:27 GMT-0400 (EDT)] INFO calling மையசெயல்பாடுகளைசேர்
[Sun Sep 09 2018 21:12:27 GMT-0400 (EDT)] DEBUG 
[Sun Sep 09 2018 21:12:27 GMT-0400 (EDT)] INFO calling InvokeDB for ServiceDetails
[Sun Sep 09 2018 21:33:36 GMT-0400 (EDT)] DEBUG a debug message
[Sun Sep 09 2018 21:33:36 GMT-0400 (EDT)] INFO localhost இணையத்தளம் 3000 என்ற இணையமுகத்தில் கவனிக்க தொடக்கிவிட்டது
[Sun Sep 09 2018 21:33:50 GMT-0400 (EDT)] INFO req.params.பணி: isValidUser req.params.தொகுதி userDetails
[Sun Sep 09 2018 21:33:50 GMT-0400 (EDT)] INFO calling மையசெயல்பாடுகளைசேர்
[Sun Sep 09 2018 21:33:50 GMT-0400 (EDT)] DEBUG 
[Sun Sep 09 2018 21:33:50 GMT-0400 (EDT)] INFO calling InvokeDB for ServiceDetails
[Sun Sep 09 2018 21:35:01 GMT-0400 (EDT)] DEBUG a debug message
[Sun Sep 09 2018 21:35:01 GMT-0400 (EDT)] INFO localhost இணையத்தளம் 3000 என்ற இணையமுகத்தில் கவனிக்க தொடக்கிவிட்டது
[Sun Sep 09 2018 21:35:11 GMT-0400 (EDT)] DEBUG a debug message
[Sun Sep 09 2018 21:35:11 GMT-0400 (EDT)] INFO localhost இணையத்தளம் 3000 என்ற இணையமுகத்தில் கவனிக்க தொடக்கிவிட்டது
[Sun Sep 09 2018 21:35:21 GMT-0400 (EDT)] INFO req.params.பணி: isValidUser req.params.தொகுதி userDetails
[Sun Sep 09 2018 21:35:21 GMT-0400 (EDT)] INFO calling மையசெயல்பாடுகளைசேர்
[Sun Sep 09 2018 21:35:21 GMT-0400 (EDT)] DEBUG 
[Sun Sep 09 2018 21:35:21 GMT-0400 (EDT)] INFO calling InvokeDB for ServiceDetails
[Sun Sep 09 2018 21:40:29 GMT-0400 (EDT)] DEBUG a debug message
[Sun Sep 09 2018 21:40:29 GMT-0400 (EDT)] INFO localhost இணையத்தளம் 3000 என்ற இணையமுகத்தில் கவனிக்க தொடக்கிவிட்டது
[Sun Sep 09 2018 21:40:43 GMT-0400 (EDT)] DEBUG a debug message
[Sun Sep 09 2018 21:40:44 GMT-0400 (EDT)] INFO localhost இணையத்தளம் 3000 என்ற இணையமுகத்தில் கவனிக்க தொடக்கிவிட்டது
[Sun Sep 09 2018 21:42:07 GMT-0400 (EDT)] INFO req.params.பணி: isValidUser req.params.தொகுதி userDetails
[Sun Sep 09 2018 21:42:07 GMT-0400 (EDT)] INFO calling மையசெயல்பாடுகளைசேர்
[Sun Sep 09 2018 21:42:07 GMT-0400 (EDT)] DEBUG 
[Sun Sep 09 2018 21:42:07 GMT-0400 (EDT)] INFO calling InvokeDB for ServiceDetails
[Sun Sep 09 2018 21:43:09 GMT-0400 (EDT)] DEBUG a debug message
[Sun Sep 09 2018 21:43:09 GMT-0400 (EDT)] INFO localhost இணையத்தளம் 3000 என்ற இணையமுகத்தில் கவனிக்க தொடக்கிவிட்டது
[Sun Sep 09 2018 21:43:13 GMT-0400 (EDT)] INFO req.params.பணி: isValidUser req.params.தொகுதி userDetails
[Sun Sep 09 2018 21:43:13 GMT-0400 (EDT)] INFO calling மையசெயல்பாடுகளைசேர்
[Sun Sep 09 2018 21:43:13 GMT-0400 (EDT)] DEBUG 
[Sun Sep 09 2018 21:43:13 GMT-0400 (EDT)] INFO calling InvokeDB for ServiceDetails
[Sun Sep 09 2018 21:46:30 GMT-0400 (EDT)] DEBUG a debug message
[Sun Sep 09 2018 21:46:30 GMT-0400 (EDT)] INFO localhost இணையத்தளம் 3000 என்ற இணையமுகத்தில் கவனிக்க தொடக்கிவிட்டது
[Sun Sep 09 2018 21:46:35 GMT-0400 (EDT)] INFO req.params.பணி: isValidUser req.params.தொகுதி userDetails
[Sun Sep 09 2018 21:46:35 GMT-0400 (EDT)] INFO calling மையசெயல்பாடுகளைசேர்
[Sun Sep 09 2018 21:46:35 GMT-0400 (EDT)] DEBUG 
[Sun Sep 09 2018 21:46:35 GMT-0400 (EDT)] INFO calling InvokeDB for ServiceDetails
[Sun Sep 09 2018 21:49:46 GMT-0400 (EDT)] DEBUG a debug message
[Sun Sep 09 2018 21:49:46 GMT-0400 (EDT)] INFO localhost இணையத்தளம் 3000 என்ற இணையமுகத்தில் கவனிக்க தொடக்கிவிட்டது
[Sun Sep 09 2018 21:49:53 GMT-0400 (EDT)] INFO req.params.பணி: isValidUser req.params.தொகுதி userDetails
[Sun Sep 09 2018 21:49:53 GMT-0400 (EDT)] INFO calling மையசெயல்பாடுகளைசேர்
[Sun Sep 09 2018 21:49:53 GMT-0400 (EDT)] DEBUG 
[Sun Sep 09 2018 21:49:53 GMT-0400 (EDT)] INFO calling InvokeDB for ServiceDetails
[Sun Sep 09 2018 21:50:49 GMT-0400 (EDT)] DEBUG a debug message
[Sun Sep 09 2018 21:50:49 GMT-0400 (EDT)] INFO localhost இணையத்தளம் 3000 என்ற இணையமுகத்தில் கவனிக்க தொடக்கிவிட்டது
[Sun Sep 09 2018 21:50:55 GMT-0400 (EDT)] INFO req.params.பணி: isValidUser req.params.தொகுதி userDetails
[Sun Sep 09 2018 21:50:55 GMT-0400 (EDT)] INFO calling மையசெயல்பாடுகளைசேர்
[Sun Sep 09 2018 21:50:55 GMT-0400 (EDT)] DEBUG 
[Sun Sep 09 2018 21:50:55 GMT-0400 (EDT)] INFO calling InvokeDB for ServiceDetails
[Sun Sep 09 2018 21:50:55 GMT-0400 (EDT)] ERROR  Request has bad format: Error: Unkown Key: ServiceDetails is not defined on Schema Keys ["serviceDetails"]
    at /Users/durai/node/gpasso/uss/heaeriesjson.js:156:12
    at Array.forEach (<anonymous>)
    at hasValidKeys (/Users/durai/node/gpasso/uss/heaeriesjson.js:154:10)
    at Object.valWithSch (/Users/durai/node/gpasso/uss/heaeriesjson.js:185:15)
    at Object.InvokeDB (/Users/durai/node/gpasso/idb/InvokeDB.js:16:25)
    at /Users/durai/node/gpasso/சேவையாகம்.js:93:13
    at addCoreFunction (/Users/durai/node/gpasso/சேவையாகம்.js:61:5)
    at சேவைக்கையாளி (/Users/durai/node/gpasso/சேவையாகம்.js:68:5)
    at Layer.handle [as handle_request] (/Users/durai/node/node_modules/express/lib/router/layer.js:95:5)
    at next (/Users/durai/node/node_modules/express/lib/router/route.js:137:13)
